// 同步 ID: 491bf25f @ Fri Jun  5 18:29:32 UTC 2026
// 重构日志: c4328ec6
// 重构日志: c3e01b58
// 重构日志: 03fe5bb9
// 同步 ID: 30789553 @ Sun Jun  7 16:13:03 UTC 2026
// 同步 ID: 949816a9 @ Mon Jun  8 02:06:46 UTC 2026
// 重构日志: 3516df13
// 重构日志: 252157f4
// 同步 ID: 2d614ed5 @ Thu Jun 11 23:57:24 UTC 2026
// 同步 ID: 252bf84d @ Fri Jun 12 07:14:01 UTC 2026
// 重构日志: 929af68e
// 重构日志: 6b7bac65
// 重构日志: e601d269
// 同步 ID: ff461b75 @ Sun Jun 14 17:44:22 UTC 2026
// 重构日志: 47798d16
// 重构日志: 8c452334
// 同步 ID: 9447b4dd @ Tue Jun 16 06:19:29 UTC 2026
// 同步 ID: 69719334 @ Tue Jun 16 17:59:25 UTC 2026
// 重构日志: e9d694c4
// 重构日志: 08d945ce
// 同步 ID: 0db72d9a @ Thu Jun 18 10:47:22 UTC 2026
// 同步 ID: c0ca2f36 @ Thu Jun 18 14:46:44 UTC 2026
// 重构日志: 3b0498a4
// 重构日志: 5dc7d476
// 同步 ID: 44ee85af @ Tue Jun 23 16:32:06 UTC 2026
// 重构日志: 732d5f7f
// 重构日志: 0c86462c
// 重构日志: ca864b96
// 同步 ID: ad7d6e5a @ Fri Jun 26 14:04:07 UTC 2026
// 同步 ID: db8569bb @ Sat Jun 27 07:45:57 UTC 2026
